<?xml version="1.0" encoding="UTF-8"?>
<!-- Generated by org.testng.reporters.JUnitReportReporter -->
<testsuite skipped="0" hostname="DESKTOP-3L3SNLT" name="myClass2" tests="1" failures="0" timestamp="2019-12-22T14:21:57 IST" time="36.615" errors="0">
  <testcase name="Test02" time="36.615" classname="myClass2"/>
</testsuite> <!-- myClass2 -->
