<?xml version="1.0" encoding="UTF-8"?>
<!-- Generated by org.testng.reporters.JUnitReportReporter -->
<testsuite skipped="0" hostname="DESKTOP-3L3SNLT" name="myClass1" tests="1" failures="0" timestamp="2019-12-23T11:20:51 IST" time="37.232" errors="0">
  <testcase name="Test01" time="37.232" classname="myClass1"/>
</testsuite> <!-- myClass1 -->
