<?xml version="1.0" encoding="UTF-8"?>
<!-- Generated by org.testng.reporters.JUnitReportReporter -->
<testsuite skipped="0" hostname="DESKTOP-3L3SNLT" name="myClass1" tests="1" failures="0" timestamp="2019-12-22T13:31:27 IST" time="13.805" errors="0">
  <testcase name="Test01" time="13.805" classname="myClass1"/>
</testsuite> <!-- myClass1 -->
